<?xml version="1.0" encoding="UTF-8"?><testsuite errors="0" failures="0" name="com.lc.df.studentApp.studentinfo.StudentCRUDTest" skipped="0" tests="4" time="5.65" timestamp="2020-05-140 01:48:34"><testcase classname="com.lc.df.studentApp.studentinfo.StudentCRUDTest" name="This will create new student"/><testcase classname="com.lc.df.studentApp.studentinfo.StudentCRUDTest" name="Verify if the student was added to the Application"/><testcase classname="com.lc.df.studentApp.studentinfo.StudentCRUDTest" name="Update the user information and verify the updated information"/><testcase classname="com.lc.df.studentApp.studentinfo.StudentCRUDTest" name="Delete the student and verify if the student is deleted!"/></testsuite>